0 info it worked if it ends with ok
1 verbose cli [ '/Users/silverSheep/.nvm/versions/node/v6.16.0/bin/node',
1 verbose cli   '/Users/silverSheep/.nvm/versions/node/v6.16.0/lib/node_modules/npm/bin/npm-cli.js',
1 verbose cli   'install',
1 verbose cli   '--scripts-prepend-node-path=auto' ]
2 info using npm@3.10.10
3 info using node@v6.16.0
4 silly loadCurrentTree Starting
5 silly install loadCurrentTree
6 silly install readLocalPackageData
7 silly install normalizeTree
8 silly loadCurrentTree Finishing
9 silly loadIdealTree Starting
10 silly install loadIdealTree
11 silly cloneCurrentTree Starting
12 silly install cloneCurrentTreeToIdealTree
13 silly cloneCurrentTree Finishing
14 silly loadShrinkwrap Starting
15 silly install loadShrinkwrap
16 silly loadShrinkwrap Finishing
17 silly loadAllDepsIntoIdealTree Starting
18 silly install loadAllDepsIntoIdealTree
19 silly fetchNamedPackageData @rails/ujs
20 silly mapToRegistry name @rails/ujs
21 silly mapToRegistry scope (from package name) @rails
22 verbose mapToRegistry no registry URL found in name for scope @rails
23 silly mapToRegistry using default registry
24 silly mapToRegistry registry https://registry.npmjs.org/
25 silly mapToRegistry data Result {
25 silly mapToRegistry   raw: '@rails/ujs',
25 silly mapToRegistry   scope: '@rails',
25 silly mapToRegistry   escapedName: '@rails%2fujs',
25 silly mapToRegistry   name: '@rails/ujs',
25 silly mapToRegistry   rawSpec: '',
25 silly mapToRegistry   spec: 'latest',
25 silly mapToRegistry   type: 'tag' }
26 silly mapToRegistry uri https://registry.npmjs.org/@rails%2fujs
27 silly fetchNamedPackageData turbolinks
28 silly mapToRegistry name turbolinks
29 silly mapToRegistry using default registry
30 silly mapToRegistry registry https://registry.npmjs.org/
31 silly mapToRegistry data Result {
31 silly mapToRegistry   raw: 'turbolinks',
31 silly mapToRegistry   scope: null,
31 silly mapToRegistry   escapedName: 'turbolinks',
31 silly mapToRegistry   name: 'turbolinks',
31 silly mapToRegistry   rawSpec: '',
31 silly mapToRegistry   spec: 'latest',
31 silly mapToRegistry   type: 'tag' }
32 silly mapToRegistry uri https://registry.npmjs.org/turbolinks
33 silly fetchNamedPackageData @rails/activestorage
34 silly mapToRegistry name @rails/activestorage
35 silly mapToRegistry scope (from package name) @rails
36 verbose mapToRegistry no registry URL found in name for scope @rails
37 silly mapToRegistry using default registry
38 silly mapToRegistry registry https://registry.npmjs.org/
39 silly mapToRegistry data Result {
39 silly mapToRegistry   raw: '@rails/activestorage',
39 silly mapToRegistry   scope: '@rails',
39 silly mapToRegistry   escapedName: '@rails%2factivestorage',
39 silly mapToRegistry   name: '@rails/activestorage',
39 silly mapToRegistry   rawSpec: '',
39 silly mapToRegistry   spec: 'latest',
39 silly mapToRegistry   type: 'tag' }
40 silly mapToRegistry uri https://registry.npmjs.org/@rails%2factivestorage
41 silly fetchNamedPackageData @rails/actioncable
42 silly mapToRegistry name @rails/actioncable
43 silly mapToRegistry scope (from package name) @rails
44 verbose mapToRegistry no registry URL found in name for scope @rails
45 silly mapToRegistry using default registry
46 silly mapToRegistry registry https://registry.npmjs.org/
47 silly mapToRegistry data Result {
47 silly mapToRegistry   raw: '@rails/actioncable',
47 silly mapToRegistry   scope: '@rails',
47 silly mapToRegistry   escapedName: '@rails%2factioncable',
47 silly mapToRegistry   name: '@rails/actioncable',
47 silly mapToRegistry   rawSpec: '',
47 silly mapToRegistry   spec: 'latest',
47 silly mapToRegistry   type: 'tag' }
48 silly mapToRegistry uri https://registry.npmjs.org/@rails%2factioncable
49 verbose get https://registry.npmjs.org/@rails%2fujs not expired, no request
50 silly resolveWithNewModule @rails/ujs@6.1.3 checking installable status
51 silly cache add args [ '@rails/ujs@^6.0.0', null ]
52 verbose cache add spec @rails/ujs@^6.0.0
53 silly cache add parsed spec Result {
53 silly cache add   raw: '@rails/ujs@^6.0.0',
53 silly cache add   scope: '@rails',
53 silly cache add   escapedName: '@rails%2fujs',
53 silly cache add   name: '@rails/ujs',
53 silly cache add   rawSpec: '^6.0.0',
53 silly cache add   spec: '>=6.0.0 <7.0.0',
53 silly cache add   type: 'range' }
54 silly addNamed @rails/ujs@>=6.0.0 <7.0.0
55 verbose addNamed ">=6.0.0 <7.0.0" is a valid semver range for @rails/ujs
56 silly addNameRange { name: '@rails/ujs', range: '>=6.0.0 <7.0.0', hasData: false }
57 silly mapToRegistry name @rails/ujs
58 silly mapToRegistry scope (from package name) @rails
59 verbose mapToRegistry no registry URL found in name for scope @rails
60 silly mapToRegistry using default registry
61 silly mapToRegistry registry https://registry.npmjs.org/
62 silly mapToRegistry data Result {
62 silly mapToRegistry   raw: '@rails/ujs',
62 silly mapToRegistry   scope: '@rails',
62 silly mapToRegistry   escapedName: '@rails%2fujs',
62 silly mapToRegistry   name: '@rails/ujs',
62 silly mapToRegistry   rawSpec: '',
62 silly mapToRegistry   spec: 'latest',
62 silly mapToRegistry   type: 'tag' }
63 silly mapToRegistry uri https://registry.npmjs.org/@rails%2fujs
64 verbose addNameRange registry:https://registry.npmjs.org/@rails%2fujs not in flight; fetching
65 verbose get https://registry.npmjs.org/turbolinks not expired, no request
66 silly resolveWithNewModule turbolinks@5.2.0 checking installable status
67 silly cache add args [ 'turbolinks@^5.2.0', null ]
68 verbose cache add spec turbolinks@^5.2.0
69 silly cache add parsed spec Result {
69 silly cache add   raw: 'turbolinks@^5.2.0',
69 silly cache add   scope: null,
69 silly cache add   escapedName: 'turbolinks',
69 silly cache add   name: 'turbolinks',
69 silly cache add   rawSpec: '^5.2.0',
69 silly cache add   spec: '>=5.2.0 <6.0.0',
69 silly cache add   type: 'range' }
70 silly addNamed turbolinks@>=5.2.0 <6.0.0
71 verbose addNamed ">=5.2.0 <6.0.0" is a valid semver range for turbolinks
72 silly addNameRange { name: 'turbolinks', range: '>=5.2.0 <6.0.0', hasData: false }
73 silly mapToRegistry name turbolinks
74 silly mapToRegistry using default registry
75 silly mapToRegistry registry https://registry.npmjs.org/
76 silly mapToRegistry data Result {
76 silly mapToRegistry   raw: 'turbolinks',
76 silly mapToRegistry   scope: null,
76 silly mapToRegistry   escapedName: 'turbolinks',
76 silly mapToRegistry   name: 'turbolinks',
76 silly mapToRegistry   rawSpec: '',
76 silly mapToRegistry   spec: 'latest',
76 silly mapToRegistry   type: 'tag' }
77 silly mapToRegistry uri https://registry.npmjs.org/turbolinks
78 verbose addNameRange registry:https://registry.npmjs.org/turbolinks not in flight; fetching
79 verbose get https://registry.npmjs.org/@rails%2factivestorage not expired, no request
80 silly resolveWithNewModule @rails/activestorage@6.1.3 checking installable status
81 silly cache add args [ '@rails/activestorage@^6.0.0', null ]
82 verbose cache add spec @rails/activestorage@^6.0.0
83 silly cache add parsed spec Result {
83 silly cache add   raw: '@rails/activestorage@^6.0.0',
83 silly cache add   scope: '@rails',
83 silly cache add   escapedName: '@rails%2factivestorage',
83 silly cache add   name: '@rails/activestorage',
83 silly cache add   rawSpec: '^6.0.0',
83 silly cache add   spec: '>=6.0.0 <7.0.0',
83 silly cache add   type: 'range' }
84 silly addNamed @rails/activestorage@>=6.0.0 <7.0.0
85 verbose addNamed ">=6.0.0 <7.0.0" is a valid semver range for @rails/activestorage
86 silly addNameRange { name: '@rails/activestorage',
86 silly addNameRange   range: '>=6.0.0 <7.0.0',
86 silly addNameRange   hasData: false }
87 silly mapToRegistry name @rails/activestorage
88 silly mapToRegistry scope (from package name) @rails
89 verbose mapToRegistry no registry URL found in name for scope @rails
90 silly mapToRegistry using default registry
91 silly mapToRegistry registry https://registry.npmjs.org/
92 silly mapToRegistry data Result {
92 silly mapToRegistry   raw: '@rails/activestorage',
92 silly mapToRegistry   scope: '@rails',
92 silly mapToRegistry   escapedName: '@rails%2factivestorage',
92 silly mapToRegistry   name: '@rails/activestorage',
92 silly mapToRegistry   rawSpec: '',
92 silly mapToRegistry   spec: 'latest',
92 silly mapToRegistry   type: 'tag' }
93 silly mapToRegistry uri https://registry.npmjs.org/@rails%2factivestorage
94 verbose addNameRange registry:https://registry.npmjs.org/@rails%2factivestorage not in flight; fetching
95 verbose get https://registry.npmjs.org/@rails%2factioncable not expired, no request
96 silly resolveWithNewModule @rails/actioncable@6.1.3 checking installable status
97 silly cache add args [ '@rails/actioncable@^6.0.0', null ]
98 verbose cache add spec @rails/actioncable@^6.0.0
99 silly cache add parsed spec Result {
99 silly cache add   raw: '@rails/actioncable@^6.0.0',
99 silly cache add   scope: '@rails',
99 silly cache add   escapedName: '@rails%2factioncable',
99 silly cache add   name: '@rails/actioncable',
99 silly cache add   rawSpec: '^6.0.0',
99 silly cache add   spec: '>=6.0.0 <7.0.0',
99 silly cache add   type: 'range' }
100 silly addNamed @rails/actioncable@>=6.0.0 <7.0.0
101 verbose addNamed ">=6.0.0 <7.0.0" is a valid semver range for @rails/actioncable
102 silly addNameRange { name: '@rails/actioncable',
102 silly addNameRange   range: '>=6.0.0 <7.0.0',
102 silly addNameRange   hasData: false }
103 silly mapToRegistry name @rails/actioncable
104 silly mapToRegistry scope (from package name) @rails
105 verbose mapToRegistry no registry URL found in name for scope @rails
106 silly mapToRegistry using default registry
107 silly mapToRegistry registry https://registry.npmjs.org/
108 silly mapToRegistry data Result {
108 silly mapToRegistry   raw: '@rails/actioncable',
108 silly mapToRegistry   scope: '@rails',
108 silly mapToRegistry   escapedName: '@rails%2factioncable',
108 silly mapToRegistry   name: '@rails/actioncable',
108 silly mapToRegistry   rawSpec: '',
108 silly mapToRegistry   spec: 'latest',
108 silly mapToRegistry   type: 'tag' }
109 silly mapToRegistry uri https://registry.npmjs.org/@rails%2factioncable
110 verbose addNameRange registry:https://registry.npmjs.org/@rails%2factioncable not in flight; fetching
111 verbose get https://registry.npmjs.org/@rails%2fujs not expired, no request
112 silly addNameRange number 2 { name: '@rails/ujs', range: '>=6.0.0 <7.0.0', hasData: true }
113 silly addNameRange versions [ '@rails/ujs',
113 silly addNameRange   [ '6.0.0-alpha',
113 silly addNameRange     '6.0.0-beta1',
113 silly addNameRange     '6.0.0-beta2',
113 silly addNameRange     '6.0.0-beta3',
113 silly addNameRange     '6.0.0-rc1',
113 silly addNameRange     '6.0.0-rc2',
113 silly addNameRange     '6.0.0',
113 silly addNameRange     '6.0.1-rc1',
113 silly addNameRange     '6.0.1',
113 silly addNameRange     '6.0.2-rc1',
113 silly addNameRange     '6.0.2-rc2',
113 silly addNameRange     '6.0.2',
113 silly addNameRange     '6.0.2-1',
113 silly addNameRange     '6.0.2-2',
113 silly addNameRange     '6.0.3-rc1',
113 silly addNameRange     '6.0.3',
113 silly addNameRange     '6.0.3-1',
113 silly addNameRange     '6.0.3-2',
113 silly addNameRange     '6.0.3-3',
113 silly addNameRange     '6.0.3-4',
113 silly addNameRange     '6.1.0-rc1',
113 silly addNameRange     '6.1.0-rc2',
113 silly addNameRange     '6.1.0',
113 silly addNameRange     '6.1.1',
113 silly addNameRange     '6.1.2',
113 silly addNameRange     '6.0.3-5',
113 silly addNameRange     '6.1.2-1',
113 silly addNameRange     '6.1.3',
113 silly addNameRange     '6.0.3-6',
113 silly addNameRange     '6.1.3-1',
113 silly addNameRange     '6.1.3-2',
113 silly addNameRange     '6.0.3-7',
113 silly addNameRange     '6.0.4',
113 silly addNameRange     '6.1.4',
113 silly addNameRange     '6.0.4-1',
113 silly addNameRange     '6.1.4-1',
113 silly addNameRange     '7.0.0-alpha1',
113 silly addNameRange     '7.0.0-alpha2' ] ]
114 silly addNamed @rails/ujs@6.1.4
115 verbose addNamed "6.1.4" is a plain semver version for @rails/ujs
116 verbose get https://registry.npmjs.org/turbolinks not expired, no request
117 silly addNameRange number 2 { name: 'turbolinks', range: '>=5.2.0 <6.0.0', hasData: true }
118 silly addNameRange versions [ 'turbolinks',
118 silly addNameRange   [ '5.0.0-beta3',
118 silly addNameRange     '5.0.0-beta4',
118 silly addNameRange     '5.0.0-beta5',
118 silly addNameRange     '5.0.0',
118 silly addNameRange     '5.0.1',
118 silly addNameRange     '5.0.2',
118 silly addNameRange     '5.0.3',
118 silly addNameRange     '5.1.0',
118 silly addNameRange     '5.1.1',
118 silly addNameRange     '5.2.0-beta.1',
118 silly addNameRange     '5.2.0',
118 silly addNameRange     '5.3.0-beta.0',
118 silly addNameRange     '5.3.0-beta.1' ] ]
119 silly addNamed turbolinks@5.2.0
120 verbose addNamed "5.2.0" is a plain semver version for turbolinks
121 verbose get https://registry.npmjs.org/@rails%2factivestorage not expired, no request
122 silly addNameRange number 2 { name: '@rails/activestorage',
122 silly addNameRange   range: '>=6.0.0 <7.0.0',
122 silly addNameRange   hasData: true }
123 silly addNameRange versions [ '@rails/activestorage',
123 silly addNameRange   [ '6.0.0-alpha',
123 silly addNameRange     '6.0.0-beta1',
123 silly addNameRange     '6.0.0-beta2',
123 silly addNameRange     '6.0.0-beta3',
123 silly addNameRange     '6.0.0-rc1',
123 silly addNameRange     '6.0.0-rc2',
123 silly addNameRange     '6.0.0',
123 silly addNameRange     '6.0.1-rc1',
123 silly addNameRange     '6.0.1',
123 silly addNameRange     '6.0.2-rc1',
123 silly addNameRange     '6.0.2-rc2',
123 silly addNameRange     '6.0.2',
123 silly addNameRange     '6.0.2-1',
123 silly addNameRange     '6.0.2-2',
123 silly addNameRange     '6.0.3-rc1',
123 silly addNameRange     '6.0.3',
123 silly addNameRange     '6.0.3-1',
123 silly addNameRange     '6.0.3-2',
123 silly addNameRange     '6.0.3-3',
123 silly addNameRange     '6.0.3-4',
123 silly addNameRange     '6.1.0-rc1',
123 silly addNameRange     '6.1.0-rc2',
123 silly addNameRange     '6.1.0',
123 silly addNameRange     '6.1.1',
123 silly addNameRange     '6.1.2',
123 silly addNameRange     '6.0.3-5',
123 silly addNameRange     '6.1.2-1',
123 silly addNameRange     '6.1.3',
123 silly addNameRange     '6.0.3-6',
123 silly addNameRange     '6.1.3-1',
123 silly addNameRange     '6.1.3-2',
123 silly addNameRange     '6.0.3-7',
123 silly addNameRange     '6.0.4',
123 silly addNameRange     '6.1.4',
123 silly addNameRange     '6.0.4-1',
123 silly addNameRange     '6.1.4-1',
123 silly addNameRange     '7.0.0-alpha1',
123 silly addNameRange     '7.0.0-alpha2' ] ]
124 silly addNamed @rails/activestorage@6.1.4
125 verbose addNamed "6.1.4" is a plain semver version for @rails/activestorage
126 verbose get https://registry.npmjs.org/@rails%2factioncable not expired, no request
127 silly addNameRange number 2 { name: '@rails/actioncable',
127 silly addNameRange   range: '>=6.0.0 <7.0.0',
127 silly addNameRange   hasData: true }
128 silly addNameRange versions [ '@rails/actioncable',
128 silly addNameRange   [ '6.0.0-alpha',
128 silly addNameRange     '6.0.0-beta1',
128 silly addNameRange     '6.0.0-beta2',
128 silly addNameRange     '6.0.0-beta3',
128 silly addNameRange     '6.0.0-rc1',
128 silly addNameRange     '6.0.0-rc2',
128 silly addNameRange     '6.0.0',
128 silly addNameRange     '6.0.1-rc1',
128 silly addNameRange     '6.0.1',
128 silly addNameRange     '6.0.2-rc1',
128 silly addNameRange     '6.0.2-rc2',
128 silly addNameRange     '6.0.2',
128 silly addNameRange     '6.0.2-1',
128 silly addNameRange     '6.0.2-2',
128 silly addNameRange     '6.0.3-rc1',
128 silly addNameRange     '6.0.3',
128 silly addNameRange     '6.0.3-1',
128 silly addNameRange     '6.0.3-2',
128 silly addNameRange     '6.0.3-3',
128 silly addNameRange     '6.0.3-4',
128 silly addNameRange     '6.1.0-rc1',
128 silly addNameRange     '6.1.0-rc2',
128 silly addNameRange     '6.1.0',
128 silly addNameRange     '6.1.1',
128 silly addNameRange     '6.1.2',
128 silly addNameRange     '6.0.3-5',
128 silly addNameRange     '6.1.2-1',
128 silly addNameRange     '6.1.3',
128 silly addNameRange     '6.0.3-6',
128 silly addNameRange     '6.1.3-1',
128 silly addNameRange     '6.1.3-2',
128 silly addNameRange     '6.0.3-7',
128 silly addNameRange     '6.0.4',
128 silly addNameRange     '6.1.4',
128 silly addNameRange     '6.0.4-1',
128 silly addNameRange     '6.1.4-1',
128 silly addNameRange     '7.0.0-alpha1',
128 silly addNameRange     '7.0.0-alpha2' ] ]
129 silly addNamed @rails/actioncable@6.1.4
130 verbose addNamed "6.1.4" is a plain semver version for @rails/actioncable
131 silly cache afterAdd @rails/ujs@6.1.4
132 verbose afterAdd /Users/silverSheep/.npm/@rails/ujs/6.1.4/package/package.json not in flight; writing
133 verbose correctMkdir /Users/silverSheep/.npm correctMkdir not in flight; initializing
134 silly cache afterAdd turbolinks@5.2.0
135 verbose afterAdd /Users/silverSheep/.npm/turbolinks/5.2.0/package/package.json not in flight; writing
136 verbose correctMkdir /Users/silverSheep/.npm correctMkdir already in flight; waiting
137 silly cache afterAdd @rails/activestorage@6.1.4
138 verbose afterAdd /Users/silverSheep/.npm/@rails/activestorage/6.1.4/package/package.json not in flight; writing
139 verbose correctMkdir /Users/silverSheep/.npm correctMkdir not in flight; initializing
140 silly cache afterAdd @rails/actioncable@6.1.4
141 verbose afterAdd /Users/silverSheep/.npm/@rails/actioncable/6.1.4/package/package.json not in flight; writing
142 verbose correctMkdir /Users/silverSheep/.npm correctMkdir not in flight; initializing
143 verbose afterAdd /Users/silverSheep/.npm/@rails/ujs/6.1.4/package/package.json written
144 verbose afterAdd /Users/silverSheep/.npm/@rails/actioncable/6.1.4/package/package.json written
145 verbose afterAdd /Users/silverSheep/.npm/turbolinks/5.2.0/package/package.json written
146 verbose afterAdd /Users/silverSheep/.npm/@rails/activestorage/6.1.4/package/package.json written
147 silly rollbackFailedOptional Starting
148 silly rollbackFailedOptional Finishing
149 silly runTopLevelLifecycles Finishing
150 silly install printInstalled
151 verbose stack Error: Error extracting /Users/silverSheep/.npm/@rails/ujs/6.1.3/package.tgz archive: ENOENT: no such file or directory, open '/Users/silverSheep/.npm/@rails/ujs/6.1.3/package.tgz'
151 verbose stack     at ReadStream.<anonymous> (/Users/silverSheep/.nvm/versions/node/v6.16.0/lib/node_modules/npm/lib/fetch-package-metadata.js:309:10)
151 verbose stack     at emitOne (events.js:96:13)
151 verbose stack     at ReadStream.emit (events.js:188:7)
151 verbose stack     at /Users/silverSheep/.nvm/versions/node/v6.16.0/lib/node_modules/npm/node_modules/graceful-fs/graceful-fs.js:190:14
151 verbose stack     at /Users/silverSheep/.nvm/versions/node/v6.16.0/lib/node_modules/npm/node_modules/graceful-fs/graceful-fs.js:241:16
151 verbose stack     at FSReqWrap.oncomplete (fs.js:123:15)
152 verbose cwd /Users/silverSheep/Desktop/imageHawk
153 error Darwin 20.2.0
154 error argv "/Users/silverSheep/.nvm/versions/node/v6.16.0/bin/node" "/Users/silverSheep/.nvm/versions/node/v6.16.0/lib/node_modules/npm/bin/npm-cli.js" "install" "--scripts-prepend-node-path=auto"
155 error node v6.16.0
156 error npm  v3.10.10
157 error code EREADFILE
158 error Error extracting /Users/silverSheep/.npm/@rails/ujs/6.1.3/package.tgz archive: ENOENT: no such file or directory, open '/Users/silverSheep/.npm/@rails/ujs/6.1.3/package.tgz'
159 error If you need help, you may report this error at:
159 error     <https://github.com/npm/npm/issues>
160 verbose exit [ 1, true ]
